   Compiling proc-macro2 v1.0.106
   Compiling unicode-ident v1.0.24
   Compiling quote v1.0.45
   Compiling libc v0.2.183
    Checking pin-project-lite v0.2.17
    Checking bytes v1.11.1
    Checking stable_deref_trait v1.2.1
    Checking futures-core v0.3.32
    Checking memchr v2.8.0
   Compiling serde_core v1.0.228
    Checking futures-sink v0.3.32
    Checking itoa v1.0.18
    Checking slab v0.4.12
    Checking once_cell v1.21.4
   Compiling serde v1.0.228
   Compiling shlex v1.3.0
   Compiling find-msvc-tools v0.1.9
    Checking equivalent v1.0.2
    Checking futures-io v0.3.32
    Checking smallvec v1.15.1
    Checking cfg-if v1.0.4
    Checking hashbrown v0.16.1
    Checking writeable v0.6.2
    Checking litemap v0.8.1
    Checking futures-task v0.3.32
    Checking futures-channel v0.3.32
   Compiling icu_normalizer_data v2.1.1
    Checking http v1.4.0
   Compiling icu_properties_data v2.1.2
   Compiling cc v1.2.57
    Checking tracing-core v0.1.36
    Checking percent-encoding v2.3.2
    Checking zeroize v1.8.2
   Compiling httparse v1.10.1
    Checking atomic-waker v1.1.2
    Checking fnv v1.0.7
    Checking indexmap v2.13.0
    Checking tower-service v0.3.3
    Checking http-body v1.0.1
    Checking socket2 v0.6.3
    Checking mio v1.1.1
    Checking getrandom v0.2.17
    Checking try-lock v0.2.5
    Checking untrusted v0.9.0
    Checking rustls-pki-types v1.14.0
   Compiling ring v0.17.14
   Compiling zmij v1.0.21
    Checking httpdate v1.0.3
   Compiling rustls v0.23.37
    Checking pin-utils v0.1.0
    Checking want v0.3.1
    Checking form_urlencoded v1.2.2
    Checking ipnet v2.12.0
    Checking utf8parse v0.2.2
    Checking subtle v2.6.1
    Checking utf8_iter v1.0.4
    Checking base64 v0.22.1
    Checking bitflags v2.11.0
   Compiling serde_json v1.0.149
    Checking sync_wrapper v1.0.2
    Checking tower-layer v0.3.3
    Checking is_terminal_polyfill v1.70.2
    Checking anstyle-query v1.1.5
    Checking colorchoice v1.0.5
    Checking anstyle-parse v1.0.0
    Checking anstyle v1.0.14
    Checking webpki-roots v1.0.6
    Checking http-body-util v0.1.3
    Checking aho-corasick v1.1.4
    Checking option-ext v0.2.0
    Checking strsim v0.11.1
    Checking log v0.4.29
    Checking clap_lex v1.1.0
    Checking ryu v1.0.23
   Compiling thiserror v2.0.18
   Compiling heck v0.5.0
    Checking iri-string v0.7.11
   Compiling getrandom v0.4.2
    Checking regex-syntax v0.8.10
    Checking winnow v0.7.15
    Checking toml_write v0.1.2
   Compiling rustix v1.1.4
    Checking anstream v1.0.0
    Checking dirs-sys v0.4.1
    Checking num_cpus v1.17.0
   Compiling syn v2.0.117
    Checking lazy_static v1.5.0
    Checking deadpool-runtime v0.1.4
    Checking humantime v2.3.0
    Checking linux-raw-sys v0.12.1
    Checking clap_builder v4.6.0
    Checking fastrand v2.3.0
    Checking regex-automata v0.4.14
    Checking dirs v5.0.1
    Checking rustls-webpki v0.103.10
   Compiling synstructure v0.13.2
   Compiling zerovec-derive v0.11.2
   Compiling tokio-macros v2.6.1
   Compiling displaydoc v0.2.5
   Compiling serde_derive v1.0.228
   Compiling futures-macro v0.3.32
   Compiling tracing-attributes v0.1.31
   Compiling thiserror-impl v2.0.18
   Compiling clap_derive v4.6.0
   Compiling zerofrom-derive v0.1.6
   Compiling yoke-derive v0.8.1
    Checking regex v1.12.3
    Checking tempfile v3.27.0
    Checking tokio v1.50.0
    Checking futures-util v0.3.32
    Checking tracing v0.1.44
    Checking zerofrom v0.1.6
    Checking yoke v0.8.1
    Checking zerovec v0.11.5
    Checking zerotrie v0.2.3
    Checking futures-executor v0.3.32
    Checking tokio-util v0.7.18
    Checking tower v0.5.3
    Checking tokio-rustls v0.26.4
    Checking deadpool v0.12.3
    Checking clap v4.6.0
    Checking tinystr v0.8.2
    Checking potential_utf v0.1.4
    Checking futures v0.3.32
    Checking h2 v0.4.13
    Checking icu_collections v2.1.1
    Checking tower-http v0.6.8
    Checking icu_locale_core v2.1.1
    Checking icu_provider v2.1.1
    Checking hyper v1.8.1
    Checking icu_properties v2.1.2
    Checking icu_normalizer v2.1.1
    Checking hyper-util v0.1.20
    Checking idna_adapter v1.2.1
    Checking idna v1.1.0
    Checking hyper-rustls v0.27.7
    Checking url v2.5.8
    Checking toml_datetime v0.6.11
    Checking serde_spanned v0.6.9
    Checking serde_urlencoded v0.7.1
    Checking assert-json-diff v2.0.2
    Checking humantime-serde v1.1.1
    Checking wiremock v0.6.5
    Checking toml_edit v0.22.27
    Checking reqwest v0.12.28
    Checking toml v0.8.23
    Checking bugscope v0.1.0 (/home/mukund-thiru/Santh/libs/bugscope)
    Finished `dev` profile [unoptimized + debuginfo] target(s) in 6.47s
